<?xml version="1.0" encoding="UTF-8"?>
<!-- Generated by org.testng.reporters.JUnitReportReporter -->
<testsuite skipped="0" hostname="Chandrashekhars-MacBook-Air.local" name="Selenium.DropDown" tests="1" failures="0" timestamp="09 Jun 2018 11:28:32 GMT" time="46.902" errors="0">
  <testcase name="dropdown" time="46.902" classname="Selenium.DropDown"/>
</testsuite> <!-- Selenium.DropDown -->
