<?xml version="1.0" encoding="UTF-8"?>
<!-- Generated by org.testng.reporters.JUnitReportReporter -->
<testsuite skipped="0" hostname="Chandrashekhars-MacBook-Air.local" name="SeleniumTestScript.TC_4_PopupHandle" tests="1" failures="0" timestamp="09 Jun 2018 13:17:32 GMT" time="170.393" errors="0">
  <testcase name="TC_4_PopupHandle" time="170.393" classname="SeleniumTestScript.TC_4_PopupHandle"/>
</testsuite> <!-- SeleniumTestScript.TC_4_PopupHandle -->
