<?xml version="1.0" encoding="UTF-8"?>
<!-- Generated by org.testng.reporters.JUnitReportReporter -->
<testsuite skipped="0" hostname="Chandrashekhars-MacBook-Air.local" name="SeleniumTestScript.TC_2_Check_VisibilityElement" tests="1" failures="0" timestamp="09 Jun 2018 12:40:59 GMT" time="271.895" errors="0">
  <testcase name="TC_2_Check_VisibilityElement" time="271.895" classname="SeleniumTestScript.TC_2_Check_VisibilityElement"/>
</testsuite> <!-- SeleniumTestScript.TC_2_Check_VisibilityElement -->
