<?xml version="1.0" encoding="UTF-8"?>
<!-- Generated by org.testng.reporters.JUnitReportReporter -->
<testsuite skipped="0" hostname="Chandrashekhars-MacBook-Air.local" name="Selenium.FirstTestng" tests="2" failures="0" timestamp="20 Aug 2019 15:18:11 GMT" time="0.011" errors="0">
  <testcase name="testCase1" time="0.006" classname="Selenium.FirstTestng"/>
  <testcase name="testCase2" time="0.005" classname="Selenium.FirstTestng"/>
</testsuite> <!-- Selenium.FirstTestng -->
