<?xml version="1.0" encoding="UTF-8"?>
<!-- Generated by org.testng.reporters.JUnitReportReporter -->
<testsuite skipped="0" hostname="Chandrashekhars-MacBook-Air.local" name="SeleniumTestScript.TC_6_DataDriverTest" tests="1" failures="0" timestamp="21 Jun 2018 11:17:02 GMT" time="9.247" errors="0">
  <testcase name="TC_6_DataDriverTest" time="9.247" classname="SeleniumTestScript.TC_6_DataDriverTest"/>
</testsuite> <!-- SeleniumTestScript.TC_6_DataDriverTest -->
