<?xml version="1.0" encoding="UTF-8"?>
<!-- Generated by org.testng.reporters.JUnitReportReporter -->
<testsuite skipped="0" hostname="Chandrashekhars-MacBook-Air.local" name="Selenium.SeleniumTest" tests="1" failures="0" timestamp="20 Aug 2019 15:22:27 GMT" time="3.154" errors="0">
  <testcase name="SeleniumBasic" time="3.154" classname="Selenium.SeleniumTest"/>
</testsuite> <!-- Selenium.SeleniumTest -->
